<?xml version="1.0" encoding="UTF-8"?>
<!-- Generated by org.testng.reporters.JUnitReportReporter -->
<testsuite skipped="0" hostname="DESKTOP-B7ELS4L" name="test.LoginTest" tests="1" failures="0" timestamp="30 Nov 2022 21:08:50 GMT" time="4.923" errors="0">
  <testcase name="validUserShouldAbleToLogin" time="4.923" classname="test.LoginTest"/>
</testsuite> <!-- test.LoginTest -->
