<?xml version="1.0" encoding="UTF-8"?>
<!-- Generated by org.testng.reporters.JUnitReportReporter -->
<testsuite skipped="0" hostname="DESKTOP-B7ELS4L" name="test.AddContactTest" tests="1" failures="0" timestamp="30 Nov 2022 21:09:07 GMT" time="5.620" errors="0">
  <testcase name="UserShouldAbleToAddCustomer" time="5.620" classname="test.AddContactTest"/>
</testsuite> <!-- test.AddContactTest -->
